<?xml version="1.0" encoding="UTF-8"?>
<!-- Generated by org.testng.reporters.JUnitReportReporter -->
<testsuite hostname="MSIGF75" failures="0" tests="2" name="TestNGProject.Flipkart" time="14.276" errors="0" timestamp="2023-07-18T14:40:31 IST" skipped="0">
  <testcase classname="TestNGProject.Flipkart" name="googleLaunch" time="7.028"/>
  <testcase classname="TestNGProject.Flipkart" name="gitHubLaunch" time="7.248"/>
</testsuite> <!-- TestNGProject.Flipkart -->
