<?xml version="1.0" encoding="UTF-8"?>
<!-- Generated by org.testng.reporters.JUnitReportReporter -->
<testsuite hostname="MSIGF75" failures="0" tests="1" name="TestNGProject.modules" time="4.057" errors="0" timestamp="2023-07-18T14:40:31 IST" skipped="0">
  <testcase classname="TestNGProject.modules" name="facebookLaunch" time="4.057"/>
</testsuite> <!-- TestNGProject.modules -->
