<?xml version="1.0" encoding="UTF-8"?>
<!-- Generated by org.testng.reporters.JUnitReportReporter -->
<testsuite hostname="MSIGF75" failures="0" tests="1" name="testNGPackage.Remo" time="0.001" errors="0" timestamp="2023-07-15T15:41:55 IST" skipped="0">
  <testcase classname="testNGPackage.Remo" name="g" time="0.001">
    <system-out>
      <![CDATA[remo]]>
    </system-out>
  </testcase> <!-- g -->
  <system-out>
    <![CDATA[demo class
hello
remo]]>
  </system-out>
</testsuite> <!-- testNGPackage.Remo -->
